TN:
SF:/home/runner/work/rol-game/rol-game/lib/creature.c
FN:4,attack_creature
FN:13,defend
FN:18,get_damage
FN:23,damage
FN:34,creature_init
FNDA:14,creature_init
FNDA:4,damage
FNDA:6,defend
FNDA:6,attack_creature
FNDA:4,get_damage
FNF:5
FNH:5
DA:4,6
DA:6,6
DA:7,6
DA:8,6
DA:9,2
DA:10,4
DA:13,6
DA:15,6
DA:18,4
DA:20,4
DA:21,4
DA:23,4
DA:25,4
DA:34,14
DA:36,14
DA:37,14
LF:16
LH:16
end_of_record
TN:
SF:/home/runner/work/rol-game/rol-game/lib/dice.c
FN:6,dice_roll
FNDA:26,dice_roll
FNF:1
FNH:1
DA:6,26
DA:8,26
DA:9,26
DA:10,60
DA:11,34
DA:12,26
LF:6
LH:6
end_of_record
