TN:
SF:/home/runner/work/rol-game/rol-game/lib/creature.c
FN:4,attack
FN:13,defend
FN:18,get_damage
FN:23,damage
FN:35,creature_init
FNDA:2,damage
FNDA:4,defend
FNDA:8,creature_init
FNDA:4,attack
FNDA:2,get_damage
FNF:5
FNH:5
DA:4,4
DA:6,4
DA:7,4
DA:8,4
DA:9,2
DA:10,2
DA:13,4
DA:15,4
DA:18,2
DA:20,2
DA:21,2
DA:23,2
DA:25,2
DA:26,2
DA:35,8
DA:37,8
DA:38,8
LF:17
LH:17
end_of_record
TN:
SF:/home/runner/work/rol-game/rol-game/lib/dice.c
FN:6,dice_roll
FNDA:22,dice_roll
FNF:1
FNH:1
DA:6,22
DA:8,22
DA:9,22
DA:10,52
DA:11,30
DA:12,22
LF:6
LH:6
end_of_record
